<?xml version="1.0" encoding="UTF-8"?>
<!-- Generated by org.testng.reporters.JUnitReportReporter -->
<testsuite hostname="Sanket" failures="0" tests="12" name="Com.Inkprog.WinvestAppTest.winvest.components.GraphData" time="25.520" errors="0" timestamp="2023-08-08T12:17:33 IST" skipped="0">
  <testcase classname="Com.Inkprog.WinvestAppTest.winvest.components.GraphData" name="revenuvePopMessage" time="2.206"/>
  <testcase classname="Com.Inkprog.WinvestAppTest.winvest.components.GraphData" name="rvenuveDropDown" time="2.098"/>
  <testcase classname="Com.Inkprog.WinvestAppTest.winvest.components.GraphData" name="revunveGraphAligment" time="2.138"/>
  <testcase classname="Com.Inkprog.WinvestAppTest.winvest.components.GraphData" name="profitPopMessage" time="2.193"/>
  <testcase classname="Com.Inkprog.WinvestAppTest.winvest.components.GraphData" name="profitDropDown" time="2.052"/>
  <testcase classname="Com.Inkprog.WinvestAppTest.winvest.components.GraphData" name="profitGraphAligment" time="2.138"/>
  <testcase classname="Com.Inkprog.WinvestAppTest.winvest.components.GraphData" name="Gmv_collectionPopMessage" time="2.182"/>
  <testcase classname="Com.Inkprog.WinvestAppTest.winvest.components.GraphData" name="Gmv_collectionDropDown" time="2.065"/>
  <testcase classname="Com.Inkprog.WinvestAppTest.winvest.components.GraphData" name="Gmv_collectionGraphAligment" time="2.130"/>
  <testcase classname="Com.Inkprog.WinvestAppTest.winvest.components.GraphData" name="trancationPopMessage" time="2.164"/>
  <testcase classname="Com.Inkprog.WinvestAppTest.winvest.components.GraphData" name="trancationDropDown" time="2.070"/>
  <testcase classname="Com.Inkprog.WinvestAppTest.winvest.components.GraphData" name="trancationGraphAligment" time="2.084"/>
</testsuite> <!-- Com.Inkprog.WinvestAppTest.winvest.components.GraphData -->
